return
i32.const 12
call 0
local_set 1
i64.const 0
i64.store 4 2
local_get 1
local_get 2
i32.store 0 2
local_get 1
return
local_get 7
i32.load 4 2
local_set 6
local_get 7
i32.load 8 2
local_set 5
i32.const 7
i32.gt_s
br_if
local_get 9
i32.eqz
br_if
local_get 8
i32.const 7
i32.and
local_set 4
local_get 10
local_get 8
i32.const 3
i32.shr_u
i32.add
local_set 3
local_get 5
i32.const 8
i32.lt_s
br_if
local_get 6
local_get 5
i32.const -8
i32.add
local_set 5
i32.shr_u
local_get 7
i32.load 0 2
call 1
drop 1
local_get 6
i32.const -1
local_get 5
i32.shl
i32.const -1
i32.xor
i32.and
local_set 6
local_get 5
i32.const 7
i32.gt_s
br_if
local_get 5
i32.const 7
i32.gt_s
br_if
local_get 3
local_set 8
local_get 4
local_set 10
local_get 9
local_set 2
local_get 9
i32.eqz
br_if
local_get 8
i32.const 1
i32.add
local_get 8
local_get 10
i32.const 1
i32.add
local_set 9
i32.const 8
i32.eq
local_set 4
select
local_set 3
i32.const 0
local_get 9
local_get 4
select
local_set 4
i32.const 128
local_get 10
i32.shr_u
local_get 8
i32.load_u8 0 0
i32.and
i32.const 7
local_get 10
i32.sub
i32.shr_u
local_get 6
i32.const 1
i32.shl
i32.or
local_set 6
local_get 2
i32.const -1
i32.add
local_set 9
local_get 5
i32.const 1
i32.add
local_set 5
i32.const 7
i32.gt_s
br_if
local_get 2
i32.const 1
i32.ne
local_set 1
local_get 3
local_set 8
local_get 4
local_set 10
local_get 9
local_set 2
local_get 1
br_if
local_get 5
i32.const 7
i32.gt_s
br_if
local_get 9
br_if
local_get 7
local_get 5
i32.store 8 2
local_get 7
local_get 6
i32.store 4 2
return
local_get 6
i32.load 8 2
local_set 5
local_get 6
i32.load 4 2
local_set 4
local_get 8
i32.eqz
br_if
local_get 7
i32.const 7
i32.and
local_set 3
local_get 9
local_get 7
i32.const 3
i32.shr_u
i32.add
local_set 7
local_get 8
i32.const 0
i32.ne
local_set 9
local_get 8
i32.eqz
br_if
local_get 5
i32.eqz
br_if
local_get 5
i32.const -1
i32.add
local_set 5
local_get 8
local_set 9
i32.const 1
local_get 5
i32.shl
local_get 4
i32.and
i32.eqz
br_if
local_get 7
i32.load_u8 0 0
i32.const 128
local_get 3
i32.shr_u
i32.or
local_set 2
br
local_get 7
i32.load_u8 0 0
i32.const -129
local_get 3
i32.shr_s
i32.and
local_set 2
local_get 7
local_get 2
i32.store_8 0 0
local_get 7
i32.const 1
i32.add
local_get 7
local_get 3
i32.const 1
i32.add
local_set 3
i32.const 7
i32.gt_u
local_set 2
select
local_set 7
i32.const 0
local_get 3
local_get 2
select
local_set 3
local_get 9
i32.const -1
i32.add
local_set 8
local_get 5
i32.const -1
i32.add
local_set 2
local_get 9
i32.const 1
i32.eq
br_if
local_get 2
local_get 5
i32.lt_u
local_set 1
local_get 2
local_set 5
local_get 1
br_if
local_get 9
i32.const 1
i32.ne
local_set 9
local_get 2
i32.const 1
i32.add
local_set 5
local_get 9
i32.eqz
br_if
local_get 5
i32.const 8
i32.add
local_set 5
local_get 6
i32.load 0 2
call 2
local_get 4
i32.const 8
i32.shl
i32.or
local_set 4
local_get 8
br_if
local_get 6
local_get 5
i32.store 8 2
local_get 6
local_get 4
i32.store 4 2
i32.const 0
return
local_get 2
i32.load 8 2
local_set 1
i32.eqz
br_if
local_get 2
local_get 2
i32.load 4 2
i32.const 8
local_get 1
i32.sub
i32.shl
local_set 1
i32.store 4 2
local_get 1
local_get 2
i32.load 0 2
call 1
drop 1
local_get 2
call 3
return
local_set 0
i32.const 48
i32.sub
local_set 12
local_set 0
local_get 12
i32.const 32
i32.add
i32.const 8
i32.add
i32.const 0
i32.load 1032 0
i32.store 0 2
local_get 12
i32.const 0
i64.load 1024 0
i64.store 32 3
local_get 12
i32.const 0
i32.store 23 0
local_get 12
i64.const 0
i64.store 16 3
i32.const 1036
i32.const 1045
call 4
local_set 11
i32.const 0
local_set 10
i32.const 0
local_set 9
i32.const 0
local_set 8
local_get 12
i32.const 32
i32.add
local_get 8
i32.add
local_set 7
i32.const 1
local_set 6
i32.const 7
local_set 5
local_get 10
i32.const 8
i32.lt_s
br_if
local_get 9
local_get 10
i32.const -8
i32.add
local_set 10
i32.shr_u
local_get 11
call 1
drop 1
local_get 9
i32.const -1
local_get 10
i32.shl
i32.const -1
i32.xor
i32.and
local_set 9
local_get 10
i32.const 7
i32.gt_s
br_if
local_get 10
i32.const 7
i32.gt_s
br_if
local_get 7
local_set 4
local_get 6
local_set 3
local_get 5
local_set 2
local_get 5
i32.eqz
br_if
local_get 4
i32.const 1
i32.add
local_get 4
local_get 3
i32.const 1
i32.add
local_set 5
i32.const 8
i32.eq
local_set 6
select
local_set 7
i32.const 0
local_get 5
local_get 6
select
local_set 6
i32.const 128
local_get 3
i32.shr_u
local_get 4
i32.load_u8 0 0
i32.and
i32.const 7
local_get 3
i32.sub
i32.shr_u
local_get 9
i32.const 1
i32.shl
i32.or
local_set 9
local_get 2
i32.const -1
i32.add
local_set 5
local_get 10
i32.const 1
i32.add
local_set 10
i32.const 7
i32.gt_s
br_if
local_get 2
i32.const 1
i32.ne
local_set 1
local_get 7
local_set 4
local_get 6
local_set 3
local_get 5
local_set 2
local_get 1
br_if
local_get 10
i32.const 7
i32.gt_s
br_if
local_get 5
br_if
local_get 8
i32.const 1
i32.add
local_set 8
i32.const 10
i32.ne
br_if
local_get 10
i32.eqz
br_if
local_get 9
i32.const 8
local_get 10
i32.sub
i32.shl
local_get 11
call 1
drop 1
local_get 11
call 5
drop 1
i32.const 1036
i32.const 1048
call 4
local_set 8
i32.const 12
call 0
local_set 1
i64.const 0
i64.store 4 2
local_get 1
local_get 8
i32.store 0 2
i32.const 0
local_set 9
i32.const 0
local_set 6
i32.const 0
local_set 11
local_get 12
i32.const 16
i32.add
local_get 11
i32.add
local_set 10
i32.const 7
local_set 5
i32.const 1
local_set 3
local_get 5
i32.const 0
i32.ne
local_set 4
local_get 5
i32.eqz
br_if
local_get 9
i32.eqz
br_if
local_get 9
i32.const -1
i32.add
local_set 9
local_get 5
local_set 4
i32.const 1
local_get 9
i32.shl
local_get 6
i32.and
i32.eqz
br_if
local_get 10
i32.load_u8 0 0
i32.const 128
local_get 3
i32.shr_u
i32.or
local_set 2
br
local_get 10
i32.load_u8 0 0
i32.const -129
local_get 3
i32.shr_s
i32.and
local_set 2
local_get 10
local_get 2
i32.store_8 0 0
local_get 10
i32.const 1
i32.add
local_get 10
local_get 3
i32.const 1
i32.add
local_set 3
i32.const 7
i32.gt_u
local_set 2
select
local_set 10
i32.const 0
local_get 3
local_get 2
select
local_set 3
local_get 4
i32.const -1
i32.add
local_set 5
local_get 9
i32.const -1
i32.add
local_set 2
local_get 4
i32.const 1
i32.eq
br_if
local_get 2
local_get 9
i32.lt_u
local_set 7
local_get 2
local_set 9
local_get 7
br_if
local_get 4
i32.const 1
i32.ne
local_set 4
local_get 2
i32.const 1
i32.add
local_set 9
local_get 4
i32.eqz
br_if
local_get 9
i32.const 8
i32.add
local_set 9
local_get 1
i32.load 0 2
call 2
local_get 6
i32.const 8
i32.shl
i32.or
local_set 6
local_get 5
br_if
local_get 1
local_get 9
i32.store 8 2
local_get 1
local_get 6
i32.store 4 2
local_get 11
i32.const 1
i32.add
local_set 11
i32.const 10
i32.ne
br_if
local_get 9
i32.eqz
br_if
local_get 1
local_get 6
i32.const 8
local_get 9
i32.sub
i32.shl
local_set 10
i32.store 4 2
local_get 10
local_get 1
i32.load 0 2
call 1
drop 1
local_get 1
call 3
local_get 8
call 5
drop 1
local_get 12
local_get 12
i32.const 16
i32.add
i32.store 0 2
i32.const 1051
local_get 12
call 6
drop 1
local_get 12
i32.const 48
i32.add
local_set 0
i32.const 0
return
call 12
return
