spush,i32,66624
spop,i64,66624
spush,i32,1079
spop,i64,1079
spush,i32,1024
spop,i64,1024
spush,i32,66624
spop,i64,66624
spush,i32,1024
spop,i64,1024
spush,i32,1024
spop,i64,1024
msize,131072
spush,i64
gglobal,gglobal,0
spush,i64,66624
spush,i32,16
spop,i32,16
spop,i32,66624
spush,i32,66608
speek,i64,66608
slocal,slocal,1
spop,i64,66608
gglobal,gglobal,0
glocal,glocal,1
spush,i64,66608
spush,i32,25264
gmem,gmem,0
spop,i32,25264
spop,i32,66608
msize,131072
mwrite,i32,66608,25264
spush,i32,1024
glocal,glocal,1
spush,i64,66608
call,call,0
spop,i64,1024,66608
