2020-07-14 10:14:01 INFO  tool - class strac.align.align.implementations.DTW class strac.align.align.event_distance.DInst class strac.align.align.implementations.FastDTW class strac.align.align.implementations.WindowedDTW
2020-07-14 10:14:01 INFO  tool - Registering aligner... class strac.align.align.implementations.FastDTW
2020-07-14 10:14:01 INFO  tool - Registering aligner... class strac.align.align.implementations.SIMDDTW
2020-07-14 10:14:01 INFO  tool - Registering aligner... class strac.align.align.implementations.UnsafeDTW
2020-07-14 10:14:01 INFO  tool - Registering aligner... class strac.align.align.implementations.DTW
2020-07-14 10:14:01 INFO  tool - Registering aligner... class strac.align.align.implementations.WindowedDTW
2020-07-14 10:14:01 INFO  tool - Registering aligner... class strac.align.align.implementations.NoWarpPathDTW
2020-07-14 10:14:02 INFO  tool - Registering distance... class strac.align.align.event_distance.DInst
2020-07-14 10:14:02 INFO  tool - Registering distance... class strac.align.align.event_distance.DInst
2020-07-14 10:14:02 INFO  tool - Parsing traces
2020-07-14 10:14:02 INFO  tool - Processing /Users/javierca/Documents/traces/1/aead_aes256gcm.log
2020-07-14 10:14:02 INFO  tool - Taking class strac.core.stream_providers.FileInputProvider instance as provider
2020-07-14 10:14:04 INFO  tool - New trace added size:  173156
2020-07-14 10:14:04 INFO  tool - Global bag info: total sentences 173156 different sentences 69229
2020-07-14 10:14:04 INFO  tool - Processing /Users/javierca/Documents/traces/2/aead_aes256gcm.log
2020-07-14 10:14:04 INFO  tool - Taking class strac.core.stream_providers.FileInputProvider instance as provider
2020-07-14 10:14:04 INFO  tool - New trace added size:  173156
2020-07-14 10:14:04 INFO  tool - Global bag info: total sentences 346312 different sentences 99705
2020-07-14 10:14:04 INFO  tool - Processing /Users/javierca/Documents/traces/3/aead_aes256gcm.log
2020-07-14 10:14:04 INFO  tool - Taking class strac.core.stream_providers.FileInputProvider instance as provider
2020-07-14 10:14:04 INFO  tool - New trace added size:  173156
2020-07-14 10:14:04 INFO  tool - Global bag info: total sentences 519468 different sentences 130194
2020-07-14 10:14:04 INFO  tool - Processing /Users/javierca/Documents/traces/4/aead_aes256gcm.log
2020-07-14 10:14:04 INFO  tool - Taking class strac.core.stream_providers.FileInputProvider instance as provider
2020-07-14 10:14:04 INFO  tool - New trace added size:  173156
2020-07-14 10:14:04 INFO  tool - Global bag info: total sentences 692624 different sentences 160679
2020-07-14 10:14:04 INFO  tool - Processing /Users/javierca/Documents/traces/5/aead_aes256gcm.log
2020-07-14 10:14:04 INFO  tool - Taking class strac.core.stream_providers.FileInputProvider instance as provider
2020-07-14 10:14:05 INFO  tool - New trace added size:  173156
2020-07-14 10:14:05 INFO  tool - Global bag info: total sentences 865780 different sentences 191153
2020-07-14 10:14:05 INFO  tool - Processing /Users/javierca/Documents/traces/6/aead_aes256gcm.log
2020-07-14 10:14:05 INFO  tool - Taking class strac.core.stream_providers.FileInputProvider instance as provider
2020-07-14 10:14:05 INFO  tool - New trace added size:  173156
2020-07-14 10:14:05 INFO  tool - Global bag info: total sentences 1038936 different sentences 221630
2020-07-14 10:14:05 INFO  tool - Processing /Users/javierca/Documents/traces/7/aead_aes256gcm.log
2020-07-14 10:14:05 INFO  tool - Taking class strac.core.stream_providers.FileInputProvider instance as provider
2020-07-14 10:14:05 INFO  tool - New trace added size:  173156
2020-07-14 10:14:05 INFO  tool - Global bag info: total sentences 1212092 different sentences 252095
2020-07-14 10:14:05 INFO  tool - Processing /Users/javierca/Documents/traces/8/aead_aes256gcm.log
2020-07-14 10:14:05 INFO  tool - Taking class strac.core.stream_providers.FileInputProvider instance as provider
2020-07-14 10:14:05 INFO  tool - New trace added size:  173156
2020-07-14 10:14:05 INFO  tool - Global bag info: total sentences 1385248 different sentences 282561
2020-07-14 10:14:05 INFO  tool - Processing /Users/javierca/Documents/traces/9/aead_aes256gcm.log
2020-07-14 10:14:05 INFO  tool - Taking class strac.core.stream_providers.FileInputProvider instance as provider
2020-07-14 10:14:06 INFO  tool - New trace added size:  173156
2020-07-14 10:14:06 INFO  tool - Global bag info: total sentences 1558404 different sentences 313043
2020-07-14 10:14:06 INFO  tool - Processing /Users/javierca/Documents/traces/10/aead_aes256gcm.log
2020-07-14 10:14:06 INFO  tool - Taking class strac.core.stream_providers.FileInputProvider instance as provider
2020-07-14 10:14:06 INFO  tool - New trace added size:  173156
2020-07-14 10:14:06 INFO  tool - Global bag info: total sentences 1731560 different sentences 343508
2020-07-14 10:14:06 INFO  tool - Initializing aligner. Parameter types strac.align.align.event_distance.DInst@788ddc1f 
2020-07-14 10:14:06 INFO  tool - Constructor types interface strac.align.align.ICellComparer
2020-07-14 10:14:06 INFO  tool - No specific pairs, two vs two tournament
2020-07-14 10:14:06 INFO  tool - Going to thread pool for pairwise comparison
2020-07-14 10:14:06 INFO  tool - Executing...0 4
2020-07-14 10:14:06 INFO  tool - Executing...0 6
2020-07-14 10:14:06 INFO  tool - Executing...0 5
2020-07-14 10:14:06 INFO  tool - Executing...0 2
2020-07-14 10:14:06 INFO  tool - Executing...0 3
2020-07-14 10:14:06 INFO  tool - Executing...0 1
2020-07-14 10:14:06 INFO  tool - Executing...0 7
2020-07-14 10:14:06 INFO  tool - Executing...0 8
2020-07-14 10:14:06 INFO  tool - Executing...0 9
2020-07-14 10:14:06 INFO  tool - Executing...1 2
2020-07-14 10:20:11 INFO  tool - DTW Distance 136300.0
2020-07-14 10:20:11 INFO  tool - Writing strac.align result to file
2020-07-14 10:20:11 INFO  tool - Executing...1 3
2020-07-14 10:20:12 INFO  tool - DTW Distance 136300.0
2020-07-14 10:20:12 INFO  tool - Writing strac.align result to file
2020-07-14 10:20:12 INFO  tool - Executing...1 4
2020-07-14 10:20:12 INFO  tool - DTW Distance 136300.0
2020-07-14 10:20:12 INFO  tool - Writing strac.align result to file
2020-07-14 10:20:12 INFO  tool - Executing...1 5
2020-07-14 10:20:12 INFO  tool - DTW Distance 136300.0
2020-07-14 10:20:12 INFO  tool - Writing strac.align result to file
2020-07-14 10:20:12 INFO  tool - Executing...1 6
2020-07-14 10:20:12 INFO  tool - DTW Distance 136300.0
2020-07-14 10:20:12 INFO  tool - Writing strac.align result to file
2020-07-14 10:20:12 INFO  tool - Executing...1 7
2020-07-14 10:20:13 INFO  tool - DTW Distance 136297.0
2020-07-14 10:20:13 INFO  tool - Writing strac.align result to file
2020-07-14 10:20:13 INFO  tool - Executing...1 8
2020-07-14 10:20:13 INFO  tool - DTW Distance 136300.0
2020-07-14 10:20:13 INFO  tool - Writing strac.align result to file
2020-07-14 10:20:13 INFO  tool - Executing...1 9
2020-07-14 10:20:17 INFO  tool - DTW Distance 136300.0
2020-07-14 10:20:17 INFO  tool - Writing strac.align result to file
2020-07-14 10:20:17 INFO  tool - Executing...2 3
2020-07-14 10:20:23 INFO  tool - DTW Distance 136361.0
2020-07-14 10:20:23 INFO  tool - Writing strac.align result to file
2020-07-14 10:20:23 INFO  tool - Executing...2 4
2020-07-14 10:20:24 INFO  tool - DTW Distance 136300.0
2020-07-14 10:20:24 INFO  tool - Writing strac.align result to file
2020-07-14 10:20:24 INFO  tool - Executing...2 5
2020-07-14 10:24:46 INFO  tool - DTW Distance 136365.0
2020-07-14 10:24:46 INFO  tool - Writing strac.align result to file
2020-07-14 10:24:46 INFO  tool - Executing...2 6
2020-07-14 10:25:42 INFO  tool - DTW Distance 136365.0
2020-07-14 10:25:42 INFO  tool - Writing strac.align result to file
2020-07-14 10:25:42 INFO  tool - Executing...2 7
2020-07-14 10:25:44 INFO  tool - DTW Distance 136365.0
2020-07-14 10:25:44 INFO  tool - Writing strac.align result to file
2020-07-14 10:25:44 INFO  tool - Executing...2 8
2020-07-14 10:25:44 INFO  tool - DTW Distance 136365.0
2020-07-14 10:25:44 INFO  tool - Writing strac.align result to file
2020-07-14 10:25:44 INFO  tool - Executing...2 9
2020-07-14 10:25:47 INFO  tool - DTW Distance 136364.0
2020-07-14 10:25:47 INFO  tool - Writing strac.align result to file
2020-07-14 10:25:47 INFO  tool - Executing...3 4
2020-07-14 10:25:48 INFO  tool - DTW Distance 136364.0
2020-07-14 10:25:48 INFO  tool - Writing strac.align result to file
2020-07-14 10:25:48 INFO  tool - Executing...3 5
2020-07-14 10:25:50 INFO  tool - DTW Distance 136365.0
2020-07-14 10:25:50 INFO  tool - Writing strac.align result to file
2020-07-14 10:25:50 INFO  tool - Executing...3 6
2020-07-14 10:25:51 INFO  tool - DTW Distance 136365.0
2020-07-14 10:25:51 INFO  tool - Writing strac.align result to file
2020-07-14 10:25:51 INFO  tool - Executing...3 7
2020-07-14 10:25:54 INFO  tool - DTW Distance 136365.0
2020-07-14 10:25:54 INFO  tool - Writing strac.align result to file
2020-07-14 10:25:54 INFO  tool - Executing...3 8
2020-07-14 10:26:00 INFO  tool - DTW Distance 136364.0
2020-07-14 10:26:00 INFO  tool - Writing strac.align result to file
2020-07-14 10:26:00 INFO  tool - Executing...3 9
2020-07-14 10:29:19 INFO  tool - class strac.align.align.implementations.DTW class strac.align.align.event_distance.DInst class strac.align.align.implementations.FastDTW class strac.align.align.implementations.WindowedDTW
2020-07-14 10:29:19 INFO  tool - Registering aligner... class strac.align.align.implementations.FastDTW
2020-07-14 10:29:19 INFO  tool - Registering aligner... class strac.align.align.implementations.SIMDDTW
2020-07-14 10:29:19 INFO  tool - Registering aligner... class strac.align.align.implementations.UnsafeDTW
2020-07-14 10:29:19 INFO  tool - Registering aligner... class strac.align.align.implementations.DTW
2020-07-14 10:29:19 INFO  tool - Registering aligner... class strac.align.align.implementations.WindowedDTW
2020-07-14 10:29:19 INFO  tool - Registering aligner... class strac.align.align.implementations.NoWarpPathDTW
2020-07-14 10:29:20 INFO  tool - Registering distance... class strac.align.align.event_distance.DInst
2020-07-14 10:29:20 INFO  tool - Registering distance... class strac.align.align.event_distance.DInst
2020-07-14 10:29:20 INFO  tool - Parsing traces
2020-07-14 10:29:20 INFO  tool - Processing /Users/javierca/Documents/traces/1/core1.log
2020-07-14 10:29:20 INFO  tool - Taking class strac.core.stream_providers.FileInputProvider instance as provider
2020-07-14 10:29:21 INFO  tool - New trace added size:  273269
2020-07-14 10:29:21 INFO  tool - Global bag info: total sentences 273269 different sentences 73647
2020-07-14 10:29:21 INFO  tool - Processing /Users/javierca/Documents/traces/2/core1.log
2020-07-14 10:29:21 INFO  tool - Taking class strac.core.stream_providers.FileInputProvider instance as provider
2020-07-14 10:29:22 INFO  tool - New trace added size:  273269
2020-07-14 10:29:22 INFO  tool - Global bag info: total sentences 546538 different sentences 104129
2020-07-14 10:29:22 INFO  tool - Processing /Users/javierca/Documents/traces/3/core1.log
2020-07-14 10:29:22 INFO  tool - Taking class strac.core.stream_providers.FileInputProvider instance as provider
2020-07-14 10:29:22 INFO  tool - New trace added size:  273269
2020-07-14 10:29:22 INFO  tool - Global bag info: total sentences 819807 different sentences 134601
2020-07-14 10:29:22 INFO  tool - Processing /Users/javierca/Documents/traces/4/core1.log
2020-07-14 10:29:22 INFO  tool - Taking class strac.core.stream_providers.FileInputProvider instance as provider
2020-07-14 10:29:23 INFO  tool - New trace added size:  273269
2020-07-14 10:29:23 INFO  tool - Global bag info: total sentences 1093076 different sentences 165074
2020-07-14 10:29:23 INFO  tool - Processing /Users/javierca/Documents/traces/5/core1.log
2020-07-14 10:29:23 INFO  tool - Taking class strac.core.stream_providers.FileInputProvider instance as provider
2020-07-14 10:29:23 INFO  tool - New trace added size:  273269
2020-07-14 10:29:23 INFO  tool - Global bag info: total sentences 1366345 different sentences 195530
2020-07-14 10:29:23 INFO  tool - Processing /Users/javierca/Documents/traces/6/core1.log
2020-07-14 10:29:23 INFO  tool - Taking class strac.core.stream_providers.FileInputProvider instance as provider
2020-07-14 10:29:24 INFO  tool - New trace added size:  273269
2020-07-14 10:29:24 INFO  tool - Global bag info: total sentences 1639614 different sentences 225998
2020-07-14 10:29:24 INFO  tool - Processing /Users/javierca/Documents/traces/7/core1.log
2020-07-14 10:29:24 INFO  tool - Taking class strac.core.stream_providers.FileInputProvider instance as provider
2020-07-14 10:29:24 INFO  tool - New trace added size:  273269
2020-07-14 10:29:24 INFO  tool - Global bag info: total sentences 1912883 different sentences 256457
2020-07-14 10:29:24 INFO  tool - Processing /Users/javierca/Documents/traces/8/core1.log
2020-07-14 10:29:24 INFO  tool - Taking class strac.core.stream_providers.FileInputProvider instance as provider
2020-07-14 10:29:25 INFO  tool - New trace added size:  273269
2020-07-14 10:29:25 INFO  tool - Global bag info: total sentences 2186152 different sentences 286911
2020-07-14 10:29:25 INFO  tool - Processing /Users/javierca/Documents/traces/9/core1.log
2020-07-14 10:29:25 INFO  tool - Taking class strac.core.stream_providers.FileInputProvider instance as provider
2020-07-14 10:29:25 INFO  tool - New trace added size:  273269
2020-07-14 10:29:25 INFO  tool - Global bag info: total sentences 2459421 different sentences 317376
2020-07-14 10:29:25 INFO  tool - Processing /Users/javierca/Documents/traces/10/core1.log
2020-07-14 10:29:25 INFO  tool - Taking class strac.core.stream_providers.FileInputProvider instance as provider
2020-07-14 10:29:26 INFO  tool - New trace added size:  273269
2020-07-14 10:29:26 INFO  tool - Global bag info: total sentences 2732690 different sentences 347824
2020-07-14 10:29:26 INFO  tool - Initializing aligner. Parameter types strac.align.align.event_distance.DInst@788ddc1f 
2020-07-14 10:29:26 INFO  tool - Constructor types interface strac.align.align.ICellComparer
2020-07-14 10:29:26 INFO  tool - No specific pairs, two vs two tournament
2020-07-14 10:29:26 INFO  tool - Going to thread pool for pairwise comparison
2020-07-14 10:29:26 INFO  tool - Executing...0 1
2020-07-14 10:29:26 INFO  tool - Executing...0 6
2020-07-14 10:29:26 INFO  tool - Executing...0 5
2020-07-14 10:29:26 INFO  tool - Executing...0 4
2020-07-14 10:29:26 INFO  tool - Executing...0 3
2020-07-14 10:29:26 INFO  tool - Executing...0 2
2020-07-14 10:29:26 INFO  tool - Executing...0 7
2020-07-14 10:29:26 INFO  tool - Executing...0 8
2020-07-14 10:29:26 INFO  tool - Executing...0 9
2020-07-14 10:29:26 INFO  tool - Executing...1 2
2020-07-14 10:29:26 INFO  tool - Executing...1 3
2020-07-14 10:29:26 INFO  tool - Executing...1 4
2020-07-14 10:29:26 INFO  tool - Executing...1 5
2020-07-14 10:29:26 INFO  tool - Executing...1 6
2020-07-14 10:29:26 INFO  tool - Executing...1 7
2020-07-14 10:29:26 INFO  tool - Executing...1 8
2020-07-14 10:29:26 INFO  tool - Executing...1 9
2020-07-14 10:29:26 INFO  tool - Executing...2 3
2020-07-14 10:29:26 INFO  tool - Executing...2 4
2020-07-14 10:29:26 INFO  tool - Executing...2 5
2020-07-14 10:29:26 INFO  tool - Executing...2 6
2020-07-14 10:29:26 INFO  tool - Executing...2 7
2020-07-14 10:29:26 INFO  tool - Executing...2 8
2020-07-14 10:29:26 INFO  tool - Executing...2 9
2020-07-14 10:29:26 INFO  tool - Executing...3 4
2020-07-14 10:29:26 INFO  tool - Executing...3 5
2020-07-14 10:29:26 INFO  tool - Executing...3 6
2020-07-14 10:29:26 INFO  tool - Executing...3 7
2020-07-14 10:29:26 INFO  tool - Executing...3 8
2020-07-14 10:29:26 INFO  tool - Executing...3 9
2020-07-14 10:29:26 INFO  tool - Executing...4 5
2020-07-14 10:29:26 INFO  tool - Executing...4 6
2020-07-14 10:29:26 INFO  tool - Executing...4 7
2020-07-14 10:29:26 INFO  tool - Executing...4 8
2020-07-14 10:29:26 INFO  tool - Executing...4 9
2020-07-14 10:29:26 INFO  tool - Executing...5 6
2020-07-14 10:29:26 INFO  tool - Executing...5 7
2020-07-14 10:29:26 INFO  tool - Executing...5 8
2020-07-14 10:29:26 INFO  tool - Executing...5 9
2020-07-14 10:29:26 INFO  tool - Executing...6 7
2020-07-14 10:29:26 INFO  tool - Executing...6 8
2020-07-14 10:29:26 INFO  tool - Executing...6 9
2020-07-14 10:29:26 INFO  tool - Executing...7 8
2020-07-14 10:29:26 INFO  tool - Executing...7 9
2020-07-14 10:29:26 INFO  tool - Executing...8 9
